<?xml version="1.0" encoding="UTF-8"?>
<testng-results skipped="0" failed="0" ignored="0" total="1" passed="1">
  <reporter-output>
  </reporter-output>
  <suite name="Default suite" duration-ms="15818" started-at="2019-07-17T13:26:30Z" finished-at="2019-07-17T13:26:46Z">
    <groups>
    </groups>
    <test name="Default test" duration-ms="15818" started-at="2019-07-17T13:26:30Z" finished-at="2019-07-17T13:26:46Z">
      <class name="testCases.Login_Application_page_obj_pattern">
        <test-method status="PASS" signature="login_pop()[pri:0, instance:testCases.Login_Application_page_obj_pattern@3cbbc1e0]" name="login_pop" duration-ms="15785" started-at="2019-07-17T13:26:30Z" finished-at="2019-07-17T13:26:46Z">
          <reporter-output>
          </reporter-output>
        </test-method> <!-- login_pop -->
      </class> <!-- testCases.Login_Application_page_obj_pattern -->
    </test> <!-- Default test -->
  </suite> <!-- Default suite -->
</testng-results>
